97.11.16 08:53 B c:\webshare\wwwroot\Sneezy\graphics\books01.gif --> sneezy.stanford.edu undecipherable books01.gif
97.11.16 08:53 B c:\webshare\wwwroot\Sneezy\graphics\email.gif --> sneezy.stanford.edu undecipherable email.gif
97.11.16 08:53 B c:\webshare\wwwroot\Sneezy\graphics\email05.gif --> sneezy.stanford.edu undecipherable email05.gif
97.11.16 08:53 B c:\webshare\wwwroot\Sneezy\graphics\knight1.gif --> sneezy.stanford.edu undecipherable knight1.gif
97.11.16 08:53 B c:\webshare\wwwroot\Sneezy\graphics\knight2.gif --> sneezy.stanford.edu undecipherable knight2.gif
97.11.16 08:53 B c:\webshare\wwwroot\Sneezy\graphics\mace.gif --> sneezy.stanford.edu undecipherable mace.gif
97.11.16 08:53 B c:\webshare\wwwroot\Sneezy\graphics\marble5.gif --> sneezy.stanford.edu undecipherable marble5.gif
97.11.16 08:53 B c:\webshare\wwwroot\Sneezy\graphics\parch.jpg --> sneezy.stanford.edu undecipherable parch.jpg
97.11.16 08:53 B c:\webshare\wwwroot\Sneezy\graphics\rknight_.gif --> sneezy.stanford.edu undecipherable rknight_.gif
97.11.16 08:53 B c:\webshare\wwwroot\Sneezy\graphics\rknight_.THN --> sneezy.stanford.edu undecipherable rknight_.THN
97.11.16 08:53 B c:\webshare\wwwroot\Sneezy\graphics\rock2.jpg --> sneezy.stanford.edu undecipherable rock2.jpg
97.11.16 08:53 B c:\webshare\wwwroot\Sneezy\graphics\shield3.gif --> sneezy.stanford.edu undecipherable shield3.gif
97.11.16 08:53 B c:\webshare\wwwroot\Sneezy\graphics\ship_bar.gif --> sneezy.stanford.edu undecipherable ship_bar.gif
97.11.16 08:53 B c:\webshare\wwwroot\Sneezy\graphics\skull.gif --> sneezy.stanford.edu undecipherable skull.gif
97.11.16 08:53 B c:\webshare\wwwroot\Sneezy\graphics\wand2.gif --> sneezy.stanford.edu undecipherable wand2.gif
97.11.16 08:53 B c:\webshare\wwwroot\Sneezy\graphics\web_sig.gif --> sneezy.stanford.edu undecipherable web_sig.gif
97.11.16 08:54 B c:\webshare\wwwroot\Sneezy\graphics\web_sig2.gif --> sneezy.stanford.edu undecipherable web_sig2.gif
97.11.16 08:54 B c:\webshare\wwwroot\Sneezy\graphics\wizard.gif --> sneezy.stanford.edu undecipherable wizard.gif
97.11.23 22:17 B s:\graphics\5ARROW3.GIF --> sneezy.stanford.edu undecipherable 5ARROW3.GIF
97.11.23 22:17 B s:\graphics\ARROW01.GIF --> sneezy.stanford.edu undecipherable ARROW01.GIF
97.11.23 22:17 B s:\graphics\books01.gif --> sneezy.stanford.edu undecipherable books01.gif
97.11.23 22:17 B s:\graphics\email.gif --> sneezy.stanford.edu undecipherable email.gif
97.11.23 22:17 B s:\graphics\email05.gif --> sneezy.stanford.edu undecipherable email05.gif
97.11.23 22:17 B s:\graphics\KNIFE2.GIF --> sneezy.stanford.edu undecipherable KNIFE2.GIF
97.11.23 22:17 B s:\graphics\knight1.gif --> sneezy.stanford.edu undecipherable knight1.gif
97.11.23 22:17 B s:\graphics\knight2.gif --> sneezy.stanford.edu undecipherable knight2.gif
97.11.23 22:17 B s:\graphics\knight3.jpg --> sneezy.stanford.edu undecipherable knight3.jpg
97.11.23 22:17 B s:\graphics\mace.gif --> sneezy.stanford.edu undecipherable mace.gif
97.11.23 22:17 B s:\graphics\marble5.gif --> sneezy.stanford.edu undecipherable marble5.gif
97.11.23 22:17 B s:\graphics\NOTE01.GIF --> sneezy.stanford.edu undecipherable NOTE01.GIF
97.11.23 22:17 B s:\graphics\parch.jpg --> sneezy.stanford.edu undecipherable parch.jpg
97.11.23 22:17 B s:\graphics\rknight_.gif --> sneezy.stanford.edu undecipherable rknight_.gif
97.11.23 22:17 B s:\graphics\rknight_.THN --> sneezy.stanford.edu undecipherable rknight_.THN
97.11.23 22:18 B s:\graphics\rock2.jpg --> sneezy.stanford.edu undecipherable rock2.jpg
97.11.23 22:18 B s:\graphics\shield3.gif --> sneezy.stanford.edu undecipherable shield3.gif
97.11.23 22:18 B s:\graphics\ship_bar.gif --> sneezy.stanford.edu undecipherable ship_bar.gif
97.11.23 22:18 B s:\graphics\skull.gif --> sneezy.stanford.edu undecipherable skull.gif
97.11.23 22:18 B s:\graphics\sneezybar.gif --> sneezy.stanford.edu undecipherable sneezybar.gif
97.11.23 22:18 B s:\graphics\sneezybar.THN --> sneezy.stanford.edu undecipherable sneezybar.THN
97.11.23 22:18 B s:\graphics\wand2.gif --> sneezy.stanford.edu undecipherable wand2.gif
97.11.23 22:18 B s:\graphics\web_sig.gif --> sneezy.stanford.edu undecipherable web_sig.gif
97.11.23 22:18 B s:\graphics\web_sig2.gif --> sneezy.stanford.edu undecipherable web_sig2.gif
97.11.23 22:18 B s:\graphics\wizard.gif --> sneezy.stanford.edu undecipherable wizard.gif
97.11.23 22:18 B s:\graphics\WS_FTP.LOG --> sneezy.stanford.edu undecipherable WS_FTP.LOG
97.12.07 13:06 B s:\graphics\5ARROW3.GIF --> sneezy.stanford.edu undecipherable 5ARROW3.GIF
97.12.07 13:06 B s:\graphics\ARROW01.GIF --> sneezy.stanford.edu undecipherable ARROW01.GIF
97.12.07 13:07 B s:\graphics\books01.gif --> sneezy.stanford.edu undecipherable books01.gif
97.12.07 13:07 B s:\graphics\email.gif --> sneezy.stanford.edu undecipherable email.gif
97.12.07 13:07 B s:\graphics\email05.gif --> sneezy.stanford.edu undecipherable email05.gif
97.12.07 13:07 B s:\graphics\KNIFE2.GIF --> sneezy.stanford.edu undecipherable KNIFE2.GIF
97.12.07 13:07 B s:\graphics\knight1.gif --> sneezy.stanford.edu undecipherable knight1.gif
97.12.07 13:07 B s:\graphics\knight2.gif --> sneezy.stanford.edu undecipherable knight2.gif
97.12.07 13:07 B s:\graphics\knight3.jpg --> sneezy.stanford.edu undecipherable knight3.jpg
97.12.07 13:07 B s:\graphics\mace.gif --> sneezy.stanford.edu undecipherable mace.gif
97.12.07 13:07 B s:\graphics\marble5.gif --> sneezy.stanford.edu undecipherable marble5.gif
97.12.07 13:07 B s:\graphics\NOTE01.GIF --> sneezy.stanford.edu undecipherable NOTE01.GIF
97.12.07 13:07 B s:\graphics\parch.jpg --> sneezy.stanford.edu undecipherable parch.jpg
97.12.07 13:07 B s:\graphics\rknight_.gif --> sneezy.stanford.edu undecipherable rknight_.gif
97.12.07 13:07 B s:\graphics\rknight_.THN --> sneezy.stanford.edu undecipherable rknight_.THN
97.12.07 13:07 B s:\graphics\rock2.jpg --> sneezy.stanford.edu undecipherable rock2.jpg
97.12.07 13:07 B s:\graphics\shield3.gif --> sneezy.stanford.edu undecipherable shield3.gif
97.12.07 13:07 B s:\graphics\ship_bar.gif --> sneezy.stanford.edu undecipherable ship_bar.gif
97.12.07 13:07 B s:\graphics\skull.gif --> sneezy.stanford.edu undecipherable skull.gif
97.12.07 13:08 B s:\graphics\sneezybar.gif --> sneezy.stanford.edu undecipherable sneezybar.gif
97.12.07 13:08 B s:\graphics\sneezybar.THN --> sneezy.stanford.edu undecipherable sneezybar.THN
97.12.07 13:08 B s:\graphics\wand2.gif --> sneezy.stanford.edu undecipherable wand2.gif
97.12.07 13:08 B s:\graphics\web_sig.gif --> sneezy.stanford.edu undecipherable web_sig.gif
97.12.07 13:08 B s:\graphics\web_sig2.gif --> sneezy.stanford.edu undecipherable web_sig2.gif
97.12.07 13:08 B s:\graphics\wizard.gif --> sneezy.stanford.edu undecipherable wizard.gif
